<?xml version="1.0" encoding="UTF-8"?>
<testng-results ignored="0" total="2" passed="2" failed="0" skipped="0">
  <reporter-output>
  </reporter-output>
  <suite started-at="2022-06-15T11:16:19Z" name="Suite" finished-at="2022-06-15T11:16:36Z" duration-ms="16276">
    <groups>
    </groups>
    <test started-at="2022-06-15T11:16:19Z" name="Test" finished-at="2022-06-15T11:16:36Z" duration-ms="16276">
      <class name="testng.Google">
        <test-method signature="gmailtitle()[pri:0, instance:testng.Google@18e36d14]" started-at="2022-06-15T16:46:19Z" name="gmailtitle" finished-at="2022-06-15T16:46:27Z" duration-ms="7169" status="PASS">
          <reporter-output>
          </reporter-output>
        </test-method> <!-- gmailtitle -->
        <test-method is-config="true" signature="close_browser()[pri:0, instance:testng.Google@18e36d14]" started-at="2022-06-15T16:46:27Z" name="close_browser" finished-at="2022-06-15T16:46:31Z" duration-ms="4305" status="PASS">
          <reporter-output>
          </reporter-output>
        </test-method> <!-- close_browser -->
        <test-method signature="googletitle()[pri:0, instance:testng.Google@18e36d14]" started-at="2022-06-15T16:46:31Z" name="googletitle" finished-at="2022-06-15T16:46:35Z" duration-ms="4380" status="PASS">
          <reporter-output>
          </reporter-output>
        </test-method> <!-- googletitle -->
        <test-method is-config="true" signature="close_browser()[pri:0, instance:testng.Google@18e36d14]" started-at="2022-06-15T16:46:35Z" name="close_browser" finished-at="2022-06-15T16:46:36Z" duration-ms="386" status="PASS">
          <reporter-output>
          </reporter-output>
        </test-method> <!-- close_browser -->
      </class> <!-- testng.Google -->
    </test> <!-- Test -->
  </suite> <!-- Suite -->
</testng-results>
